<?xml version="1.0" encoding="UTF-8"?>
<!-- Generated by org.testng.reporters.JUnitXMLReporter -->
<testsuite ignored="0" hostname="LAPTOP-8TP6OQIJ" failures="0" tests="2" name="Default test" time="9.204" errors="0" timestamp="2023-11-21T07:32:59 IST">
  <testcase classname="testcases.RegisterTestCases" name="verifyRegisterationWithInBlankData" time="2.239"/>
  <testcase classname="testcases.RegisterTestCases" name="verifyRegisterationWithValidData" time="3.563"/>
</testsuite> <!-- Default test -->
